-------------------------------------------
FlattenCNN
-------------------------------------------
Epoch 1:
	 Train Loss: 0.02
	 Train Accuracy: 0.08
	 Validation Loss: 0.02
	 Validation Accuracy: 0.09
-------------------------------------------
Epoch 3:
	 Train Loss: 0.02
	 Train Accuracy: 0.09
	 Validation Loss: 0.02
	 Validation Accuracy: 0.09
-------------------------------------------
Epoch 5:
	 Train Loss: 0.02
	 Train Accuracy: 0.09
	 Validation Loss: 0.02
	 Validation Accuracy: 0.09
-------------------------------------------
Epoch 7:
	 Train Loss: 0.02
	 Train Accuracy: 0.09
	 Validation Loss: 0.02
	 Validation Accuracy: 0.09
-------------------------------------------
Epoch 9:
	 Train Loss: 0.02
	 Train Accuracy: 0.09
	 Validation Loss: 0.02
	 Validation Accuracy: 0.09
-------------------------------------------
Epoch 11:
	 Train Loss: 0.02
	 Train Accuracy: 0.09
	 Validation Loss: 0.02
	 Validation Accuracy: 0.09
-------------------------------------------
Epoch 13:
	 Train Loss: 0.02
	 Train Accuracy: 0.09
	 Validation Loss: 0.02
	 Validation Accuracy: 0.09
-------------------------------------------
Epoch 15:
	 Train Loss: 0.02
	 Train Accuracy: 0.09
	 Validation Loss: 0.02
	 Validation Accuracy: 0.09
-------------------------------------------
Epoch 17:
	 Train Loss: 0.02
	 Train Accuracy: 0.09
	 Validation Loss: 0.02
	 Validation Accuracy: 0.09
