Looking in links: https://download.pytorch.org/whl/cu113/torch_stable.html
Requirement already satisfied: torch==1.10.0+cu113 in /zhome/f4/f/164936/.local/lib/python3.9/site-packages (1.10.0+cu113)
Requirement already satisfied: torchvision==0.11.1+cu113 in /zhome/f4/f/164936/.local/lib/python3.9/site-packages (0.11.1+cu113)
Requirement already satisfied: torchaudio==0.10.0+cu113 in /zhome/f4/f/164936/.local/lib/python3.9/site-packages (0.10.0+cu113)
Requirement already satisfied: typing-extensions in /zhome/f4/f/164936/.local/lib/python3.9/site-packages (from torch==1.10.0+cu113) (4.0.0)
Requirement already satisfied: pillow!=8.3.0,>=5.3.0 in /zhome/f4/f/164936/.local/lib/python3.9/site-packages (from torchvision==0.11.1+cu113) (8.4.0)
Requirement already satisfied: numpy in /appl/numpy/1.21.1-python-3.9.6-openblas-0.3.17/lib/python3.9/site-packages/numpy-1.21.1-py3.9-linux-x86_64.egg (from torchvision==0.11.1+cu113) (1.21.1)
Requirement already satisfied: scikit-image in /zhome/f4/f/164936/.local/lib/python3.9/site-packages (0.18.3)
Requirement already satisfied: tqdm in /zhome/f4/f/164936/.local/lib/python3.9/site-packages (4.62.3)
Requirement already satisfied: tabulate in /zhome/f4/f/164936/.local/lib/python3.9/site-packages (0.8.9)
Requirement already satisfied: h5py in /zhome/f4/f/164936/.local/lib/python3.9/site-packages (3.6.0)
Requirement already satisfied: sklearn in /zhome/f4/f/164936/.local/lib/python3.9/site-packages (0.0)
Requirement already satisfied: pyyaml in /zhome/f4/f/164936/.local/lib/python3.9/site-packages (6.0)
Requirement already satisfied: seaborn in /zhome/f4/f/164936/.local/lib/python3.9/site-packages (0.11.2)
Requirement already satisfied: PyWavelets>=1.1.1 in /zhome/f4/f/164936/.local/lib/python3.9/site-packages (from scikit-image) (1.2.0)
Requirement already satisfied: tifffile>=2019.7.26 in /zhome/f4/f/164936/.local/lib/python3.9/site-packages (from scikit-image) (2021.11.2)
Requirement already satisfied: matplotlib!=3.0.0,>=2.0.0 in /zhome/f4/f/164936/.local/lib/python3.9/site-packages (from scikit-image) (3.5.0)
Requirement already satisfied: scipy>=1.0.1 in /zhome/f4/f/164936/.local/lib/python3.9/site-packages (from scikit-image) (1.7.3)
Requirement already satisfied: imageio>=2.3.0 in /zhome/f4/f/164936/.local/lib/python3.9/site-packages (from scikit-image) (2.12.0)
Requirement already satisfied: networkx>=2.0 in /zhome/f4/f/164936/.local/lib/python3.9/site-packages (from scikit-image) (2.6.3)
Requirement already satisfied: numpy>=1.16.5 in /appl/numpy/1.21.1-python-3.9.6-openblas-0.3.17/lib/python3.9/site-packages/numpy-1.21.1-py3.9-linux-x86_64.egg (from scikit-image) (1.21.1)
Requirement already satisfied: pillow!=7.1.0,!=7.1.1,>=4.3.0 in /zhome/f4/f/164936/.local/lib/python3.9/site-packages (from scikit-image) (8.4.0)
Requirement already satisfied: kiwisolver>=1.0.1 in /zhome/f4/f/164936/.local/lib/python3.9/site-packages (from matplotlib!=3.0.0,>=2.0.0->scikit-image) (1.3.2)
Requirement already satisfied: fonttools>=4.22.0 in /zhome/f4/f/164936/.local/lib/python3.9/site-packages (from matplotlib!=3.0.0,>=2.0.0->scikit-image) (4.28.2)
Requirement already satisfied: packaging>=20.0 in /zhome/f4/f/164936/.local/lib/python3.9/site-packages (from matplotlib!=3.0.0,>=2.0.0->scikit-image) (21.3)
Requirement already satisfied: setuptools-scm>=4 in /zhome/f4/f/164936/.local/lib/python3.9/site-packages (from matplotlib!=3.0.0,>=2.0.0->scikit-image) (6.3.2)
Requirement already satisfied: cycler>=0.10 in /zhome/f4/f/164936/.local/lib/python3.9/site-packages (from matplotlib!=3.0.0,>=2.0.0->scikit-image) (0.11.0)
Requirement already satisfied: python-dateutil>=2.7 in /appl/pandas/1.3.1-numpy-1.21.1-python-3.9.6/lib/python3.9/site-packages/python_dateutil-2.8.2-py3.9.egg (from matplotlib!=3.0.0,>=2.0.0->scikit-image) (2.8.2)
Requirement already satisfied: pyparsing>=2.2.1 in /zhome/f4/f/164936/.local/lib/python3.9/site-packages (from matplotlib!=3.0.0,>=2.0.0->scikit-image) (3.0.6)
Requirement already satisfied: six>=1.5 in /appl/python/3.9.6/lib/python3.9/site-packages (from python-dateutil>=2.7->matplotlib!=3.0.0,>=2.0.0->scikit-image) (1.16.0)
Requirement already satisfied: setuptools in /appl/python/3.9.6/lib/python3.9/site-packages (from setuptools-scm>=4->matplotlib!=3.0.0,>=2.0.0->scikit-image) (57.4.0)
Requirement already satisfied: tomli>=1.0.0 in /zhome/f4/f/164936/.local/lib/python3.9/site-packages (from setuptools-scm>=4->matplotlib!=3.0.0,>=2.0.0->scikit-image) (1.2.2)
Requirement already satisfied: scikit-learn in /zhome/f4/f/164936/.local/lib/python3.9/site-packages (from sklearn) (1.0.1)
Requirement already satisfied: pandas>=0.23 in /appl/pandas/1.3.1-numpy-1.21.1-python-3.9.6/lib/python3.9/site-packages/pandas-1.3.1-py3.9-linux-x86_64.egg (from seaborn) (1.3.1)
Requirement already satisfied: pytz>=2017.3 in /appl/pandas/1.3.1-numpy-1.21.1-python-3.9.6/lib/python3.9/site-packages/pytz-2021.1-py3.9.egg (from pandas>=0.23->seaborn) (2021.1)
Requirement already satisfied: threadpoolctl>=2.0.0 in /zhome/f4/f/164936/.local/lib/python3.9/site-packages (from scikit-learn->sklearn) (3.0.0)
Requirement already satisfied: joblib>=0.11 in /zhome/f4/f/164936/.local/lib/python3.9/site-packages (from scikit-learn->sklearn) (1.1.0)
Training
--------
Loading images into memory
Loading mfcc into memory
CUDA available: converting network to CUDA
CUDA available: converting network to CUDA
CUDA available: converting network to CUDA
CUDA available: converting network to CUDA
CUDA available: converting network to CUDA
CUDA available: converting network to CUDA
CUDA available: converting network to CUDA
CUDA available: converting network to CUDA
CUDA available: converting network to CUDA
CUDA available: converting network to CUDA
Training phylum network...
Done
Training class_Arthropoda network...
Done
Training family_Arachnida network...
