-------------------------------------------
FlattenCNN
-------------------------------------------
FlattenCNN
-------------------------------------------
FlattenCNN
-------------------------------------------
Epoch 1:
	 Train Loss: 0.02
	 Train Accuracy: 0.08
	 Validation Loss: 0.02
	 Validation Accuracy: 0.09
-------------------------------------------
Epoch 3:
	 Train Loss: 0.02
	 Train Accuracy: 0.11
	 Validation Loss: 0.02
	 Validation Accuracy: 0.14
-------------------------------------------
Epoch 5:
	 Train Loss: 0.02
	 Train Accuracy: 0.13
	 Validation Loss: 0.02
	 Validation Accuracy: 0.16
-------------------------------------------
FlattenCNN
-------------------------------------------
FlattenCNN
-------------------------------------------
FlattenCNN
-------------------------------------------
FlattenCNN
-------------------------------------------
FlattenCNN
-------------------------------------------
Epoch 1:
	 Train Loss: 0.02
	 Train Accuracy: 0.09
	 Validation Loss: 0.02
	 Validation Accuracy: 0.09
-------------------------------------------
Epoch 3:
	 Train Loss: 0.02
	 Train Accuracy: 0.09
	 Validation Loss: 0.02
	 Validation Accuracy: 0.09
-------------------------------------------
Epoch 5:
	 Train Loss: 0.02
	 Train Accuracy: 0.09
	 Validation Loss: 0.02
	 Validation Accuracy: 0.09
-------------------------------------------
FlattenCNN
-------------------------------------------
Epoch 1:
	 Train Loss: 0.02
	 Train Accuracy: 0.09
	 Validation Loss: 0.02
	 Validation Accuracy: 0.09
-------------------------------------------
Epoch 3:
	 Train Loss: 0.02
	 Train Accuracy: 0.09
	 Validation Loss: 0.02
	 Validation Accuracy: 0.09
-------------------------------------------
Epoch 5:
	 Train Loss: 0.02
	 Train Accuracy: 0.09
	 Validation Loss: 0.02
	 Validation Accuracy: 0.09
-------------------------------------------
FlattenCNN
-------------------------------------------
Epoch 1:
	 Train Loss: 0.02
	 Train Accuracy: 0.08
	 Validation Loss: 0.02
	 Validation Accuracy: 0.09
-------------------------------------------
Epoch 2:
	 Train Loss: 0.02
	 Train Accuracy: 0.09
	 Validation Loss: 0.02
	 Validation Accuracy: 0.09
