-------------------------------------------
Epoch 1:
	 Train Loss: 1.37
	 Train Accuracy: 0.71
	 Validation Loss: 1.36
	 Validation Accuracy: 0.73
-------------------------------------------
Epoch 3:
	 Train Loss: 1.28
	 Train Accuracy: 0.81
	 Validation Loss: 1.28
	 Validation Accuracy: 0.80
-------------------------------------------
Epoch 5:
	 Train Loss: 1.25
	 Train Accuracy: 0.84
	 Validation Loss: 1.26
	 Validation Accuracy: 0.81
-------------------------------------------
Epoch 7:
	 Train Loss: 1.24
	 Train Accuracy: 0.86
	 Validation Loss: 1.25
	 Validation Accuracy: 0.82
-------------------------------------------
Epoch 9:
	 Train Loss: 1.22
	 Train Accuracy: 0.87
	 Validation Loss: 1.25
	 Validation Accuracy: 0.82
-------------------------------------------
Epoch 11:
	 Train Loss: 1.21
	 Train Accuracy: 0.89
	 Validation Loss: 1.25
	 Validation Accuracy: 0.83
-------------------------------------------
Epoch 13:
	 Train Loss: 1.20
	 Train Accuracy: 0.90
	 Validation Loss: 1.26
	 Validation Accuracy: 0.83
-------------------------------------------
Epoch 15:
	 Train Loss: 1.19
	 Train Accuracy: 0.91
	 Validation Loss: 1.27
	 Validation Accuracy: 0.82
-------------------------------------------
Epoch 17:
	 Train Loss: 1.17
	 Train Accuracy: 0.93
	 Validation Loss: 1.27
	 Validation Accuracy: 0.83
-------------------------------------------
Epoch 19:
	 Train Loss: 1.16
	 Train Accuracy: 0.94
	 Validation Loss: 1.28
	 Validation Accuracy: 0.83
-------------------------------------------
Epoch 21:
	 Train Loss: 1.16
	 Train Accuracy: 0.94
	 Validation Loss: 1.28
	 Validation Accuracy: 0.82
-------------------------------------------
Epoch 23:
	 Train Loss: 1.15
	 Train Accuracy: 0.94
	 Validation Loss: 1.31
	 Validation Accuracy: 0.83
-------------------------------------------
Epoch 25:
	 Train Loss: 1.14
	 Train Accuracy: 0.95
	 Validation Loss: 1.31
	 Validation Accuracy: 0.81
-------------------------------------------
Epoch 27:
	 Train Loss: 1.14
	 Train Accuracy: 0.96
	 Validation Loss: 1.32
	 Validation Accuracy: 0.82
-------------------------------------------
Epoch 29:
	 Train Loss: 1.13
	 Train Accuracy: 0.97
	 Validation Loss: 1.33
	 Validation Accuracy: 0.82
-------------------------------------------
Epoch 31:
	 Train Loss: 1.12
	 Train Accuracy: 0.98
	 Validation Loss: 1.33
	 Validation Accuracy: 0.82
-------------------------------------------
Epoch 33:
	 Train Loss: 1.12
	 Train Accuracy: 0.98
	 Validation Loss: 1.34
	 Validation Accuracy: 0.81
-------------------------------------------
Epoch 35:
	 Train Loss: 1.11
	 Train Accuracy: 0.98
	 Validation Loss: 1.34
	 Validation Accuracy: 0.81
-------------------------------------------
Epoch 37:
	 Train Loss: 1.11
	 Train Accuracy: 0.99
	 Validation Loss: 1.39
	 Validation Accuracy: 0.82
-------------------------------------------
Epoch 39:
	 Train Loss: 1.10
	 Train Accuracy: 0.99
	 Validation Loss: 1.42
	 Validation Accuracy: 0.82
-------------------------------------------
Epoch 41:
	 Train Loss: 1.10
	 Train Accuracy: 0.99
	 Validation Loss: 1.44
	 Validation Accuracy: 0.81
-------------------------------------------
Epoch 43:
	 Train Loss: 1.10
	 Train Accuracy: 0.99
	 Validation Loss: 1.40
	 Validation Accuracy: 0.82
-------------------------------------------
Epoch 45:
	 Train Loss: 1.09
	 Train Accuracy: 0.99
	 Validation Loss: 1.41
	 Validation Accuracy: 0.82
-------------------------------------------
Epoch 47:
	 Train Loss: 1.09
	 Train Accuracy: 0.99
	 Validation Loss: 1.45
	 Validation Accuracy: 0.82
-------------------------------------------
Epoch 49:
	 Train Loss: 1.08
	 Train Accuracy: 1.00
	 Validation Loss: 1.49
	 Validation Accuracy: 0.83
-------------------------------------------
Epoch 51:
	 Train Loss: 1.08
	 Train Accuracy: 0.99
	 Validation Loss: 1.48
	 Validation Accuracy: 0.82
-------------------------------------------
Epoch 53:
	 Train Loss: 1.08
	 Train Accuracy: 1.00
	 Validation Loss: 1.55
	 Validation Accuracy: 0.79
-------------------------------------------
Epoch 55:
	 Train Loss: 1.08
	 Train Accuracy: 1.00
	 Validation Loss: 1.51
	 Validation Accuracy: 0.80
-------------------------------------------
Epoch 57:
	 Train Loss: 1.08
	 Train Accuracy: 1.00
	 Validation Loss: 1.46
	 Validation Accuracy: 0.84
-------------------------------------------
Epoch 59:
	 Train Loss: 1.08
	 Train Accuracy: 1.00
	 Validation Loss: 1.53
	 Validation Accuracy: 0.82
-------------------------------------------
Epoch 61:
	 Train Loss: 1.07
	 Train Accuracy: 1.00
	 Validation Loss: 1.62
	 Validation Accuracy: 0.80
-------------------------------------------
Epoch 63:
	 Train Loss: 1.07
	 Train Accuracy: 1.00
	 Validation Loss: 1.58
	 Validation Accuracy: 0.82
-------------------------------------------
Epoch 65:
	 Train Loss: 1.07
	 Train Accuracy: 1.00
	 Validation Loss: 1.58
	 Validation Accuracy: 0.81
-------------------------------------------
Epoch 67:
	 Train Loss: 1.07
	 Train Accuracy: 1.00
	 Validation Loss: 1.65
	 Validation Accuracy: 0.81
-------------------------------------------
Epoch 69:
	 Train Loss: 1.07
	 Train Accuracy: 1.00
	 Validation Loss: 1.71
	 Validation Accuracy: 0.80
-------------------------------------------
Epoch 71:
	 Train Loss: 1.07
	 Train Accuracy: 1.00
	 Validation Loss: 1.67
	 Validation Accuracy: 0.82
-------------------------------------------
Epoch 73:
	 Train Loss: 1.07
	 Train Accuracy: 1.00
	 Validation Loss: 1.64
	 Validation Accuracy: 0.83
-------------------------------------------
Epoch 75:
	 Train Loss: 1.07
	 Train Accuracy: 1.00
	 Validation Loss: 1.72
	 Validation Accuracy: 0.81
-------------------------------------------
Epoch 77:
	 Train Loss: 1.07
	 Train Accuracy: 1.00
	 Validation Loss: 1.74
	 Validation Accuracy: 0.81
-------------------------------------------
Epoch 79:
	 Train Loss: 1.07
	 Train Accuracy: 1.00
	 Validation Loss: 1.66
	 Validation Accuracy: 0.80
-------------------------------------------
Epoch 81:
	 Train Loss: 1.06
	 Train Accuracy: 1.00
	 Validation Loss: 1.82
	 Validation Accuracy: 0.81
-------------------------------------------
Epoch 83:
	 Train Loss: 1.06
	 Train Accuracy: 1.00
	 Validation Loss: 1.85
	 Validation Accuracy: 0.81
-------------------------------------------
Epoch 85:
	 Train Loss: 1.06
	 Train Accuracy: 1.00
	 Validation Loss: 1.86
	 Validation Accuracy: 0.79
-------------------------------------------
Epoch 87:
	 Train Loss: 1.06
	 Train Accuracy: 1.00
	 Validation Loss: 1.88
	 Validation Accuracy: 0.81
-------------------------------------------
Epoch 89:
	 Train Loss: 1.07
	 Train Accuracy: 1.00
	 Validation Loss: 1.87
	 Validation Accuracy: 0.80
-------------------------------------------
Epoch 91:
	 Train Loss: 1.06
	 Train Accuracy: 1.00
	 Validation Loss: 1.85
	 Validation Accuracy: 0.80
-------------------------------------------
Epoch 93:
	 Train Loss: 1.06
	 Train Accuracy: 1.00
	 Validation Loss: 1.97
	 Validation Accuracy: 0.80
-------------------------------------------
Epoch 95:
	 Train Loss: 1.06
	 Train Accuracy: 1.00
	 Validation Loss: 1.82
	 Validation Accuracy: 0.81
-------------------------------------------
Epoch 97:
	 Train Loss: 1.07
	 Train Accuracy: 1.00
	 Validation Loss: 1.74
	 Validation Accuracy: 0.80
-------------------------------------------
Epoch 99:
	 Train Loss: 1.06
	 Train Accuracy: 1.00
	 Validation Loss: 1.92
	 Validation Accuracy: 0.81
-------------------------------------------
Epoch 100:
	 Train Loss: 1.06
	 Train Accuracy: 1.00
	 Validation Loss: 1.89
	 Validation Accuracy: 0.80
-------------------------------------------
Epoch 1:
	 Train Loss: 1.35
	 Train Accuracy: 0.71
	 Validation Loss: 1.32
	 Validation Accuracy: 0.76
-------------------------------------------
Epoch 3:
	 Train Loss: 1.29
	 Train Accuracy: 0.81
	 Validation Loss: 1.28
	 Validation Accuracy: 0.79
-------------------------------------------
Epoch 5:
	 Train Loss: 1.27
	 Train Accuracy: 0.82
	 Validation Loss: 1.27
	 Validation Accuracy: 0.82
-------------------------------------------
Epoch 7:
	 Train Loss: 1.25
	 Train Accuracy: 0.83
	 Validation Loss: 1.26
	 Validation Accuracy: 0.82
-------------------------------------------
Epoch 9:
	 Train Loss: 1.24
	 Train Accuracy: 0.84
	 Validation Loss: 1.25
	 Validation Accuracy: 0.82
-------------------------------------------
Epoch 10:
	 Train Loss: 1.24
	 Train Accuracy: 0.85
	 Validation Loss: 1.25
	 Validation Accuracy: 0.81
