FlattenLSTM-1-2
-------------------------------------------
Epoch 1:
	 Train Loss: 0.02
	 Train Accuracy: 0.06
	 Validation Loss: 0.02
	 Validation Accuracy: 0.09
-------------------------------------------
Epoch 3:
	 Train Loss: 0.02
	 Train Accuracy: 0.08
	 Validation Loss: 0.02
	 Validation Accuracy: 0.10
-------------------------------------------
Epoch 5:
	 Train Loss: 0.02
	 Train Accuracy: 0.12
	 Validation Loss: 0.02
	 Validation Accuracy: 0.13
-------------------------------------------
Epoch 7:
	 Train Loss: 0.02
	 Train Accuracy: 0.21
	 Validation Loss: 0.02
	 Validation Accuracy: 0.12
-------------------------------------------
Epoch 9:
	 Train Loss: 0.02
	 Train Accuracy: 0.28
	 Validation Loss: 0.02
	 Validation Accuracy: 0.10
-------------------------------------------
Epoch 11:
	 Train Loss: 0.01
	 Train Accuracy: 0.37
	 Validation Loss: 0.03
	 Validation Accuracy: 0.09
-------------------------------------------
Epoch 13:
	 Train Loss: 0.01
	 Train Accuracy: 0.44
	 Validation Loss: 0.03
	 Validation Accuracy: 0.10
-------------------------------------------
Epoch 15:
	 Train Loss: 0.01
	 Train Accuracy: 0.50
	 Validation Loss: 0.03
	 Validation Accuracy: 0.10
-------------------------------------------
Epoch 17:
	 Train Loss: 0.01
	 Train Accuracy: 0.56
	 Validation Loss: 0.03
	 Validation Accuracy: 0.11
-------------------------------------------
Epoch 19:
	 Train Loss: 0.01
	 Train Accuracy: 0.61
	 Validation Loss: 0.03
	 Validation Accuracy: 0.10
-------------------------------------------
Epoch 21:
	 Train Loss: 0.01
	 Train Accuracy: 0.64
	 Validation Loss: 0.04
	 Validation Accuracy: 0.09
-------------------------------------------
Epoch 23:
	 Train Loss: 0.01
	 Train Accuracy: 0.67
	 Validation Loss: 0.04
	 Validation Accuracy: 0.10
-------------------------------------------
Epoch 25:
	 Train Loss: 0.01
	 Train Accuracy: 0.70
	 Validation Loss: 0.04
	 Validation Accuracy: 0.10
-------------------------------------------
Epoch 27:
	 Train Loss: 0.01
	 Train Accuracy: 0.71
	 Validation Loss: 0.04
	 Validation Accuracy: 0.12
-------------------------------------------
Epoch 29:
	 Train Loss: 0.01
	 Train Accuracy: 0.73
	 Validation Loss: 0.04
	 Validation Accuracy: 0.12
-------------------------------------------
Epoch 31:
	 Train Loss: 0.01
	 Train Accuracy: 0.71
	 Validation Loss: 0.04
	 Validation Accuracy: 0.11
-------------------------------------------
Epoch 33:
	 Train Loss: 0.00
	 Train Accuracy: 0.79
	 Validation Loss: 0.05
	 Validation Accuracy: 0.12
-------------------------------------------
Epoch 35:
	 Train Loss: 0.00
	 Train Accuracy: 0.79
	 Validation Loss: 0.05
	 Validation Accuracy: 0.12
-------------------------------------------
Epoch 37:
	 Train Loss: 0.00
	 Train Accuracy: 0.79
	 Validation Loss: 0.05
	 Validation Accuracy: 0.11
-------------------------------------------
Epoch 39:
	 Train Loss: 0.00
	 Train Accuracy: 0.79
	 Validation Loss: 0.05
	 Validation Accuracy: 0.12
-------------------------------------------
Epoch 41:
	 Train Loss: 0.00
	 Train Accuracy: 0.80
	 Validation Loss: 0.05
	 Validation Accuracy: 0.12
-------------------------------------------
Epoch 43:
	 Train Loss: 0.00
	 Train Accuracy: 0.81
	 Validation Loss: 0.05
	 Validation Accuracy: 0.12
-------------------------------------------
Epoch 45:
	 Train Loss: 0.00
	 Train Accuracy: 0.82
	 Validation Loss: 0.05
	 Validation Accuracy: 0.12
-------------------------------------------
Epoch 47:
	 Train Loss: 0.00
	 Train Accuracy: 0.83
	 Validation Loss: 0.05
	 Validation Accuracy: 0.12
-------------------------------------------
Epoch 49:
	 Train Loss: 0.01
	 Train Accuracy: 0.80
	 Validation Loss: 0.05
	 Validation Accuracy: 0.11
-------------------------------------------
Epoch 51:
	 Train Loss: 0.00
	 Train Accuracy: 0.86
	 Validation Loss: 0.05
	 Validation Accuracy: 0.12
-------------------------------------------
Epoch 53:
	 Train Loss: 0.00
	 Train Accuracy: 0.87
	 Validation Loss: 0.06
	 Validation Accuracy: 0.11
-------------------------------------------
Epoch 55:
	 Train Loss: 0.00
	 Train Accuracy: 0.87
	 Validation Loss: 0.06
	 Validation Accuracy: 0.13
-------------------------------------------
Epoch 57:
	 Train Loss: 0.00
	 Train Accuracy: 0.85
	 Validation Loss: 0.06
	 Validation Accuracy: 0.12
-------------------------------------------
Epoch 59:
	 Train Loss: 0.00
	 Train Accuracy: 0.88
	 Validation Loss: 0.07
	 Validation Accuracy: 0.12
-------------------------------------------
Epoch 61:
	 Train Loss: 0.00
	 Train Accuracy: 0.87
	 Validation Loss: 0.06
	 Validation Accuracy: 0.12
-------------------------------------------
Epoch 63:
	 Train Loss: 0.00
	 Train Accuracy: 0.89
	 Validation Loss: 0.07
	 Validation Accuracy: 0.12
-------------------------------------------
Epoch 65:
	 Train Loss: 0.77
	 Train Accuracy: 0.08
	 Validation Loss: 0.84
	 Validation Accuracy: 0.02
-------------------------------------------
Epoch 67:
	 Train Loss: 0.84
	 Train Accuracy: 0.03
	 Validation Loss: 0.84
	 Validation Accuracy: 0.02
-------------------------------------------
Epoch 69:
	 Train Loss: 0.84
	 Train Accuracy: 0.03
	 Validation Loss: 0.84
	 Validation Accuracy: 0.02
-------------------------------------------
Epoch 71:
	 Train Loss: 0.84
	 Train Accuracy: 0.02
	 Validation Loss: 0.84
	 Validation Accuracy: 0.02
-------------------------------------------
Epoch 73:
	 Train Loss: 0.84
	 Train Accuracy: 0.02
	 Validation Loss: 0.84
	 Validation Accuracy: 0.02
-------------------------------------------
Epoch 75:
	 Train Loss: 0.84
	 Train Accuracy: 0.03
	 Validation Loss: 0.84
	 Validation Accuracy: 0.02
-------------------------------------------
Epoch 77:
	 Train Loss: 0.84
	 Train Accuracy: 0.03
	 Validation Loss: 0.84
	 Validation Accuracy: 0.02
-------------------------------------------
Epoch 79:
	 Train Loss: 0.84
	 Train Accuracy: 0.03
	 Validation Loss: 0.84
	 Validation Accuracy: 0.02
-------------------------------------------
Epoch 81:
	 Train Loss: 0.84
	 Train Accuracy: 0.03
	 Validation Loss: 0.84
	 Validation Accuracy: 0.02
-------------------------------------------
Epoch 83:
	 Train Loss: 0.84
	 Train Accuracy: 0.03
	 Validation Loss: 0.84
	 Validation Accuracy: 0.02
-------------------------------------------
Epoch 85:
	 Train Loss: 0.84
	 Train Accuracy: 0.03
	 Validation Loss: 0.84
	 Validation Accuracy: 0.02
-------------------------------------------
Epoch 87:
	 Train Loss: 0.84
	 Train Accuracy: 0.03
	 Validation Loss: 0.84
	 Validation Accuracy: 0.02
-------------------------------------------
Epoch 89:
	 Train Loss: 0.84
	 Train Accuracy: 0.03
	 Validation Loss: 0.84
	 Validation Accuracy: 0.02
-------------------------------------------
Epoch 91:
	 Train Loss: 0.84
	 Train Accuracy: 0.03
	 Validation Loss: 0.84
	 Validation Accuracy: 0.02
-------------------------------------------
Epoch 93:
	 Train Loss: 0.84
	 Train Accuracy: 0.03
	 Validation Loss: 0.84
	 Validation Accuracy: 0.02
-------------------------------------------
Epoch 95:
	 Train Loss: 0.84
	 Train Accuracy: 0.03
	 Validation Loss: 0.84
	 Validation Accuracy: 0.02
-------------------------------------------
Epoch 97:
	 Train Loss: 0.84
	 Train Accuracy: 0.03
	 Validation Loss: 0.84
	 Validation Accuracy: 0.02
-------------------------------------------
Epoch 99:
	 Train Loss: 0.84
	 Train Accuracy: 0.03
	 Validation Loss: 0.84
	 Validation Accuracy: 0.02
-------------------------------------------
Epoch 100:
	 Train Loss: 0.84
	 Train Accuracy: 0.03
	 Validation Loss: 0.84
	 Validation Accuracy: 0.02
