-------------------------------------------
FlattenCNN
-------------------------------------------
Epoch 1:
	 Train Loss: 0.02
	 Train Accuracy: 0.08
	 Validation Loss: 0.02
	 Validation Accuracy: 0.08
-------------------------------------------
Epoch 3:
	 Train Loss: 0.02
	 Train Accuracy: 0.09
	 Validation Loss: 0.02
	 Validation Accuracy: 0.09
-------------------------------------------
Epoch 5:
	 Train Loss: 0.02
	 Train Accuracy: 0.09
	 Validation Loss: 0.02
	 Validation Accuracy: 0.09
-------------------------------------------
Epoch 7:
	 Train Loss: 0.02
	 Train Accuracy: 0.09
	 Validation Loss: 0.02
	 Validation Accuracy: 0.09
-------------------------------------------
Epoch 9:
	 Train Loss: 0.02
	 Train Accuracy: 0.09
	 Validation Loss: 0.02
	 Validation Accuracy: 0.09
-------------------------------------------
Epoch 11:
	 Train Loss: 0.02
	 Train Accuracy: 0.09
	 Validation Loss: 0.02
	 Validation Accuracy: 0.09
-------------------------------------------
Epoch 13:
	 Train Loss: 0.02
	 Train Accuracy: 0.10
	 Validation Loss: 0.02
	 Validation Accuracy: 0.11
-------------------------------------------
Epoch 15:
	 Train Loss: 0.02
	 Train Accuracy: 0.10
	 Validation Loss: 0.02
	 Validation Accuracy: 0.12
-------------------------------------------
Epoch 17:
	 Train Loss: 0.02
	 Train Accuracy: 0.10
	 Validation Loss: 0.02
	 Validation Accuracy: 0.12
-------------------------------------------
Epoch 19:
	 Train Loss: 0.02
	 Train Accuracy: 0.10
	 Validation Loss: 0.02
	 Validation Accuracy: 0.12
-------------------------------------------
Epoch 21:
	 Train Loss: 0.02
	 Train Accuracy: 0.10
	 Validation Loss: 0.02
	 Validation Accuracy: 0.06
-------------------------------------------
Epoch 23:
	 Train Loss: 0.02
	 Train Accuracy: 0.10
	 Validation Loss: 0.02
	 Validation Accuracy: 0.13
-------------------------------------------
Epoch 25:
	 Train Loss: 0.02
	 Train Accuracy: 0.10
	 Validation Loss: 0.02
	 Validation Accuracy: 0.12
-------------------------------------------
Epoch 27:
	 Train Loss: 0.02
	 Train Accuracy: 0.10
	 Validation Loss: 0.02
	 Validation Accuracy: 0.12
-------------------------------------------
Epoch 29:
	 Train Loss: 0.02
	 Train Accuracy: 0.11
	 Validation Loss: 0.02
	 Validation Accuracy: 0.12
-------------------------------------------
Epoch 31:
	 Train Loss: 0.02
	 Train Accuracy: 0.11
	 Validation Loss: 0.02
	 Validation Accuracy: 0.11
-------------------------------------------
Epoch 33:
	 Train Loss: 0.02
	 Train Accuracy: 0.11
	 Validation Loss: 0.02
	 Validation Accuracy: 0.12
-------------------------------------------
Epoch 35:
	 Train Loss: 0.02
	 Train Accuracy: 0.11
	 Validation Loss: 0.02
	 Validation Accuracy: 0.13
-------------------------------------------
Epoch 37:
	 Train Loss: 0.02
	 Train Accuracy: 0.11
	 Validation Loss: 0.02
	 Validation Accuracy: 0.12
-------------------------------------------
Epoch 39:
	 Train Loss: 0.02
	 Train Accuracy: 0.11
	 Validation Loss: 0.02
	 Validation Accuracy: 0.12
-------------------------------------------
Epoch 41:
	 Train Loss: 0.02
	 Train Accuracy: 0.11
	 Validation Loss: 0.02
	 Validation Accuracy: 0.13
-------------------------------------------
Epoch 43:
	 Train Loss: 0.02
	 Train Accuracy: 0.11
	 Validation Loss: 0.02
	 Validation Accuracy: 0.13
-------------------------------------------
Epoch 45:
	 Train Loss: 0.02
	 Train Accuracy: 0.11
	 Validation Loss: 0.02
	 Validation Accuracy: 0.11
-------------------------------------------
Epoch 47:
	 Train Loss: 0.02
	 Train Accuracy: 0.11
	 Validation Loss: 0.02
	 Validation Accuracy: 0.12
-------------------------------------------
Epoch 49:
	 Train Loss: 0.02
	 Train Accuracy: 0.11
	 Validation Loss: 0.02
	 Validation Accuracy: 0.12
-------------------------------------------
Epoch 51:
	 Train Loss: 0.02
	 Train Accuracy: 0.11
	 Validation Loss: 0.02
	 Validation Accuracy: 0.12
-------------------------------------------
Epoch 53:
	 Train Loss: 0.02
	 Train Accuracy: 0.11
	 Validation Loss: 0.02
	 Validation Accuracy: 0.13
-------------------------------------------
Epoch 55:
	 Train Loss: 0.02
	 Train Accuracy: 0.11
	 Validation Loss: 0.02
	 Validation Accuracy: 0.13
-------------------------------------------
Epoch 57:
	 Train Loss: 0.02
	 Train Accuracy: 0.11
	 Validation Loss: 0.02
	 Validation Accuracy: 0.12
-------------------------------------------
Epoch 59:
	 Train Loss: 0.02
	 Train Accuracy: 0.11
	 Validation Loss: 0.02
	 Validation Accuracy: 0.09
-------------------------------------------
Epoch 61:
	 Train Loss: 0.02
	 Train Accuracy: 0.11
	 Validation Loss: 0.02
	 Validation Accuracy: 0.12
-------------------------------------------
Epoch 63:
	 Train Loss: 0.02
	 Train Accuracy: 0.11
	 Validation Loss: 0.02
	 Validation Accuracy: 0.11
-------------------------------------------
Epoch 65:
	 Train Loss: 0.02
	 Train Accuracy: 0.11
	 Validation Loss: 0.02
	 Validation Accuracy: 0.12
-------------------------------------------
Epoch 67:
	 Train Loss: 0.02
	 Train Accuracy: 0.12
	 Validation Loss: 0.02
	 Validation Accuracy: 0.14
-------------------------------------------
Epoch 69:
	 Train Loss: 0.02
	 Train Accuracy: 0.11
	 Validation Loss: 0.02
	 Validation Accuracy: 0.14
-------------------------------------------
Epoch 71:
	 Train Loss: 0.02
	 Train Accuracy: 0.12
	 Validation Loss: 0.02
	 Validation Accuracy: 0.12
-------------------------------------------
Epoch 73:
	 Train Loss: 0.02
	 Train Accuracy: 0.12
	 Validation Loss: 0.02
	 Validation Accuracy: 0.12
-------------------------------------------
Epoch 75:
	 Train Loss: 0.02
	 Train Accuracy: 0.12
	 Validation Loss: 0.02
	 Validation Accuracy: 0.12
-------------------------------------------
Epoch 77:
	 Train Loss: 0.02
	 Train Accuracy: 0.11
	 Validation Loss: 0.02
	 Validation Accuracy: 0.12
-------------------------------------------
Epoch 79:
	 Train Loss: 0.02
	 Train Accuracy: 0.11
	 Validation Loss: 0.02
	 Validation Accuracy: 0.11
-------------------------------------------
Epoch 81:
	 Train Loss: 0.02
	 Train Accuracy: 0.12
	 Validation Loss: 0.02
	 Validation Accuracy: 0.13
-------------------------------------------
Epoch 83:
	 Train Loss: 0.02
	 Train Accuracy: 0.11
	 Validation Loss: 0.02
	 Validation Accuracy: 0.12
-------------------------------------------
Epoch 85:
	 Train Loss: 0.02
	 Train Accuracy: 0.12
	 Validation Loss: 0.02
	 Validation Accuracy: 0.12
-------------------------------------------
Epoch 87:
	 Train Loss: 0.02
	 Train Accuracy: 0.11
	 Validation Loss: 0.02
	 Validation Accuracy: 0.11
-------------------------------------------
Epoch 89:
	 Train Loss: 0.02
	 Train Accuracy: 0.11
	 Validation Loss: 0.02
	 Validation Accuracy: 0.12
-------------------------------------------
Epoch 91:
	 Train Loss: 0.02
	 Train Accuracy: 0.11
	 Validation Loss: 0.02
	 Validation Accuracy: 0.11
-------------------------------------------
Epoch 93:
	 Train Loss: 0.02
	 Train Accuracy: 0.11
	 Validation Loss: 0.02
	 Validation Accuracy: 0.13
-------------------------------------------
Epoch 95:
	 Train Loss: 0.02
	 Train Accuracy: 0.12
	 Validation Loss: 0.02
	 Validation Accuracy: 0.11
-------------------------------------------
Epoch 97:
	 Train Loss: 0.02
	 Train Accuracy: 0.12
	 Validation Loss: 0.02
	 Validation Accuracy: 0.12
-------------------------------------------
Epoch 99:
	 Train Loss: 0.02
	 Train Accuracy: 0.12
	 Validation Loss: 0.02
	 Validation Accuracy: 0.12
-------------------------------------------
Epoch 100:
	 Train Loss: 0.02
	 Train Accuracy: 0.11
	 Validation Loss: 0.02
	 Validation Accuracy: 0.12
