-------------------------------------------
FlattenCNN-2-3
-------------------------------------------
Epoch 1:
	 Train Loss: 0.02
	 Train Accuracy: 0.11
	 Validation Loss: 0.02
	 Validation Accuracy: 0.19
-------------------------------------------
Epoch 3:
	 Train Loss: 0.02
	 Train Accuracy: 0.20
	 Validation Loss: 0.02
	 Validation Accuracy: 0.23
-------------------------------------------
Epoch 5:
	 Train Loss: 0.02
	 Train Accuracy: 0.24
	 Validation Loss: 0.02
	 Validation Accuracy: 0.28
-------------------------------------------
Epoch 7:
	 Train Loss: 0.02
	 Train Accuracy: 0.28
	 Validation Loss: 0.02
	 Validation Accuracy: 0.32
-------------------------------------------
Epoch 9:
	 Train Loss: 0.02
	 Train Accuracy: 0.32
	 Validation Loss: 0.02
	 Validation Accuracy: 0.35
-------------------------------------------
Epoch 11:
	 Train Loss: 0.01
	 Train Accuracy: 0.35
	 Validation Loss: 0.02
	 Validation Accuracy: 0.37
-------------------------------------------
Epoch 13:
	 Train Loss: 0.01
	 Train Accuracy: 0.39
	 Validation Loss: 0.01
	 Validation Accuracy: 0.39
-------------------------------------------
Epoch 15:
	 Train Loss: 0.01
	 Train Accuracy: 0.42
	 Validation Loss: 0.01
	 Validation Accuracy: 0.41
-------------------------------------------
Epoch 17:
	 Train Loss: 0.01
	 Train Accuracy: 0.45
	 Validation Loss: 0.01
	 Validation Accuracy: 0.40
-------------------------------------------
Epoch 19:
	 Train Loss: 0.01
	 Train Accuracy: 0.49
	 Validation Loss: 0.01
	 Validation Accuracy: 0.42
-------------------------------------------
Epoch 21:
	 Train Loss: 0.01
	 Train Accuracy: 0.51
	 Validation Loss: 0.01
	 Validation Accuracy: 0.41
-------------------------------------------
Epoch 23:
	 Train Loss: 0.01
	 Train Accuracy: 0.54
	 Validation Loss: 0.01
	 Validation Accuracy: 0.41
-------------------------------------------
Epoch 25:
	 Train Loss: 0.01
	 Train Accuracy: 0.57
	 Validation Loss: 0.01
	 Validation Accuracy: 0.42
-------------------------------------------
Epoch 27:
	 Train Loss: 0.01
	 Train Accuracy: 0.59
	 Validation Loss: 0.01
	 Validation Accuracy: 0.42
-------------------------------------------
Epoch 29:
	 Train Loss: 0.01
	 Train Accuracy: 0.61
	 Validation Loss: 0.01
	 Validation Accuracy: 0.43
-------------------------------------------
Epoch 31:
	 Train Loss: 0.01
	 Train Accuracy: 0.62
	 Validation Loss: 0.02
	 Validation Accuracy: 0.41
-------------------------------------------
Epoch 33:
	 Train Loss: 0.01
	 Train Accuracy: 0.64
	 Validation Loss: 0.02
	 Validation Accuracy: 0.41
-------------------------------------------
Epoch 35:
	 Train Loss: 0.01
	 Train Accuracy: 0.65
	 Validation Loss: 0.02
	 Validation Accuracy: 0.42
-------------------------------------------
Epoch 37:
	 Train Loss: 0.01
	 Train Accuracy: 0.67
	 Validation Loss: 0.02
	 Validation Accuracy: 0.41
-------------------------------------------
Epoch 39:
	 Train Loss: 0.01
	 Train Accuracy: 0.68
	 Validation Loss: 0.02
	 Validation Accuracy: 0.41
-------------------------------------------
Epoch 41:
	 Train Loss: 0.01
	 Train Accuracy: 0.69
	 Validation Loss: 0.02
	 Validation Accuracy: 0.41
-------------------------------------------
Epoch 43:
	 Train Loss: 0.01
	 Train Accuracy: 0.71
	 Validation Loss: 0.02
	 Validation Accuracy: 0.41
-------------------------------------------
Epoch 45:
	 Train Loss: 0.01
	 Train Accuracy: 0.72
	 Validation Loss: 0.02
	 Validation Accuracy: 0.41
-------------------------------------------
Epoch 47:
	 Train Loss: 0.01
	 Train Accuracy: 0.73
	 Validation Loss: 0.02
	 Validation Accuracy: 0.42
-------------------------------------------
Epoch 49:
	 Train Loss: 0.01
	 Train Accuracy: 0.74
	 Validation Loss: 0.02
	 Validation Accuracy: 0.42
-------------------------------------------
Epoch 51:
	 Train Loss: 0.01
	 Train Accuracy: 0.75
	 Validation Loss: 0.02
	 Validation Accuracy: 0.42
-------------------------------------------
Epoch 53:
	 Train Loss: 0.01
	 Train Accuracy: 0.75
	 Validation Loss: 0.02
	 Validation Accuracy: 0.39
-------------------------------------------
Epoch 55:
	 Train Loss: 0.01
	 Train Accuracy: 0.76
	 Validation Loss: 0.02
	 Validation Accuracy: 0.41
-------------------------------------------
Epoch 57:
	 Train Loss: 0.01
	 Train Accuracy: 0.76
	 Validation Loss: 0.02
	 Validation Accuracy: 0.41
-------------------------------------------
Epoch 59:
	 Train Loss: 0.01
	 Train Accuracy: 0.77
	 Validation Loss: 0.02
	 Validation Accuracy: 0.42
-------------------------------------------
Epoch 61:
	 Train Loss: 0.01
	 Train Accuracy: 0.78
	 Validation Loss: 0.02
	 Validation Accuracy: 0.42
-------------------------------------------
Epoch 63:
	 Train Loss: 0.01
	 Train Accuracy: 0.78
	 Validation Loss: 0.02
	 Validation Accuracy: 0.42
-------------------------------------------
Epoch 65:
	 Train Loss: 0.01
	 Train Accuracy: 0.79
	 Validation Loss: 0.02
	 Validation Accuracy: 0.40
-------------------------------------------
Epoch 67:
	 Train Loss: 0.00
	 Train Accuracy: 0.79
	 Validation Loss: 0.02
	 Validation Accuracy: 0.39
-------------------------------------------
Epoch 69:
	 Train Loss: 0.00
	 Train Accuracy: 0.81
	 Validation Loss: 0.02
	 Validation Accuracy: 0.42
-------------------------------------------
Epoch 71:
	 Train Loss: 0.00
	 Train Accuracy: 0.80
	 Validation Loss: 0.02
	 Validation Accuracy: 0.40
-------------------------------------------
Epoch 73:
	 Train Loss: 0.00
	 Train Accuracy: 0.81
	 Validation Loss: 0.02
	 Validation Accuracy: 0.41
-------------------------------------------
Epoch 75:
	 Train Loss: 0.00
	 Train Accuracy: 0.81
	 Validation Loss: 0.02
	 Validation Accuracy: 0.41
-------------------------------------------
Epoch 77:
	 Train Loss: 0.00
	 Train Accuracy: 0.82
	 Validation Loss: 0.02
	 Validation Accuracy: 0.40
-------------------------------------------
Epoch 79:
	 Train Loss: 0.00
	 Train Accuracy: 0.82
	 Validation Loss: 0.02
	 Validation Accuracy: 0.42
-------------------------------------------
Epoch 81:
	 Train Loss: 0.00
	 Train Accuracy: 0.82
	 Validation Loss: 0.02
	 Validation Accuracy: 0.40
-------------------------------------------
Epoch 83:
	 Train Loss: 0.00
	 Train Accuracy: 0.82
	 Validation Loss: 0.02
	 Validation Accuracy: 0.39
-------------------------------------------
Epoch 85:
	 Train Loss: 0.00
	 Train Accuracy: 0.83
	 Validation Loss: 0.02
	 Validation Accuracy: 0.40
-------------------------------------------
Epoch 87:
	 Train Loss: 0.01
	 Train Accuracy: 0.69
	 Validation Loss: 0.02
	 Validation Accuracy: 0.33
-------------------------------------------
Epoch 89:
	 Train Loss: 0.01
	 Train Accuracy: 0.77
	 Validation Loss: 0.02
	 Validation Accuracy: 0.39
-------------------------------------------
Epoch 91:
	 Train Loss: 0.00
	 Train Accuracy: 0.81
	 Validation Loss: 0.02
	 Validation Accuracy: 0.41
-------------------------------------------
Epoch 93:
	 Train Loss: 0.00
	 Train Accuracy: 0.84
	 Validation Loss: 0.02
	 Validation Accuracy: 0.41
-------------------------------------------
Epoch 95:
	 Train Loss: 0.00
	 Train Accuracy: 0.85
	 Validation Loss: 0.02
	 Validation Accuracy: 0.41
-------------------------------------------
Epoch 97:
	 Train Loss: 0.01
	 Train Accuracy: 0.70
	 Validation Loss: 0.02
	 Validation Accuracy: 0.40
-------------------------------------------
Epoch 99:
	 Train Loss: 0.00
	 Train Accuracy: 0.80
	 Validation Loss: 0.02
	 Validation Accuracy: 0.42
-------------------------------------------
Epoch 100:
	 Train Loss: 0.00
	 Train Accuracy: 0.82
	 Validation Loss: 0.02
	 Validation Accuracy: 0.41
