FlattenLSTM-2
-------------------------------------------
Epoch 1:
	 Train Loss: 0.02
	 Train Accuracy: 0.08
	 Validation Loss: 0.02
	 Validation Accuracy: 0.09
-------------------------------------------
Epoch 3:
	 Train Loss: 0.02
	 Train Accuracy: 0.10
	 Validation Loss: 0.02
	 Validation Accuracy: 0.11
-------------------------------------------
Epoch 5:
	 Train Loss: 0.02
	 Train Accuracy: 0.13
	 Validation Loss: 0.02
	 Validation Accuracy: 0.13
-------------------------------------------
Epoch 7:
	 Train Loss: 0.02
	 Train Accuracy: 0.19
	 Validation Loss: 0.02
	 Validation Accuracy: 0.13
-------------------------------------------
Epoch 9:
	 Train Loss: 0.02
	 Train Accuracy: 0.24
	 Validation Loss: 0.02
	 Validation Accuracy: 0.14
-------------------------------------------
Epoch 11:
	 Train Loss: 0.02
	 Train Accuracy: 0.28
	 Validation Loss: 0.02
	 Validation Accuracy: 0.15
-------------------------------------------
Epoch 13:
	 Train Loss: 0.02
	 Train Accuracy: 0.32
	 Validation Loss: 0.02
	 Validation Accuracy: 0.13
-------------------------------------------
Epoch 15:
	 Train Loss: 0.01
	 Train Accuracy: 0.37
	 Validation Loss: 0.02
	 Validation Accuracy: 0.13
-------------------------------------------
Epoch 17:
	 Train Loss: 0.01
	 Train Accuracy: 0.41
	 Validation Loss: 0.02
	 Validation Accuracy: 0.14
-------------------------------------------
Epoch 19:
	 Train Loss: 0.01
	 Train Accuracy: 0.44
	 Validation Loss: 0.02
	 Validation Accuracy: 0.14
-------------------------------------------
Epoch 21:
	 Train Loss: 0.01
	 Train Accuracy: 0.47
	 Validation Loss: 0.03
	 Validation Accuracy: 0.14
-------------------------------------------
Epoch 23:
	 Train Loss: 0.01
	 Train Accuracy: 0.50
	 Validation Loss: 0.03
	 Validation Accuracy: 0.14
-------------------------------------------
Epoch 25:
	 Train Loss: 0.01
	 Train Accuracy: 0.53
	 Validation Loss: 0.03
	 Validation Accuracy: 0.15
-------------------------------------------
Epoch 27:
	 Train Loss: 0.01
	 Train Accuracy: 0.55
	 Validation Loss: 0.03
	 Validation Accuracy: 0.13
-------------------------------------------
Epoch 29:
	 Train Loss: 0.01
	 Train Accuracy: 0.56
	 Validation Loss: 0.03
	 Validation Accuracy: 0.14
-------------------------------------------
Epoch 31:
	 Train Loss: 0.01
	 Train Accuracy: 0.58
	 Validation Loss: 0.03
	 Validation Accuracy: 0.14
-------------------------------------------
Epoch 33:
	 Train Loss: 0.01
	 Train Accuracy: 0.60
	 Validation Loss: 0.03
	 Validation Accuracy: 0.15
-------------------------------------------
Epoch 35:
	 Train Loss: 0.01
	 Train Accuracy: 0.60
	 Validation Loss: 0.03
	 Validation Accuracy: 0.14
-------------------------------------------
Epoch 37:
	 Train Loss: 0.01
	 Train Accuracy: 0.63
	 Validation Loss: 0.03
	 Validation Accuracy: 0.14
-------------------------------------------
Epoch 39:
	 Train Loss: 0.01
	 Train Accuracy: 0.63
	 Validation Loss: 0.03
	 Validation Accuracy: 0.15
-------------------------------------------
Epoch 41:
	 Train Loss: 0.01
	 Train Accuracy: 0.61
	 Validation Loss: 0.03
	 Validation Accuracy: 0.13
-------------------------------------------
Epoch 43:
	 Train Loss: 0.01
	 Train Accuracy: 0.60
	 Validation Loss: 0.03
	 Validation Accuracy: 0.12
-------------------------------------------
Epoch 45:
	 Train Loss: 0.01
	 Train Accuracy: 0.61
	 Validation Loss: 0.03
	 Validation Accuracy: 0.13
-------------------------------------------
Epoch 47:
	 Train Loss: 0.01
	 Train Accuracy: 0.66
	 Validation Loss: 0.03
	 Validation Accuracy: 0.13
-------------------------------------------
Epoch 49:
	 Train Loss: 0.01
	 Train Accuracy: 0.68
	 Validation Loss: 0.03
	 Validation Accuracy: 0.14
-------------------------------------------
Epoch 51:
	 Train Loss: 0.01
	 Train Accuracy: 0.68
	 Validation Loss: 0.03
	 Validation Accuracy: 0.14
-------------------------------------------
Epoch 53:
	 Train Loss: 0.01
	 Train Accuracy: 0.59
	 Validation Loss: 0.03
	 Validation Accuracy: 0.13
-------------------------------------------
Epoch 55:
	 Train Loss: 0.01
	 Train Accuracy: 0.67
	 Validation Loss: 0.03
	 Validation Accuracy: 0.14
-------------------------------------------
Epoch 57:
	 Train Loss: 0.01
	 Train Accuracy: 0.70
	 Validation Loss: 0.03
	 Validation Accuracy: 0.14
-------------------------------------------
Epoch 59:
	 Train Loss: 0.01
	 Train Accuracy: 0.70
	 Validation Loss: 0.03
	 Validation Accuracy: 0.14
-------------------------------------------
Epoch 61:
	 Train Loss: 0.01
	 Train Accuracy: 0.69
	 Validation Loss: 0.03
	 Validation Accuracy: 0.14
-------------------------------------------
Epoch 63:
	 Train Loss: 0.01
	 Train Accuracy: 0.66
	 Validation Loss: 0.03
	 Validation Accuracy: 0.13
-------------------------------------------
Epoch 65:
	 Train Loss: 0.01
	 Train Accuracy: 0.58
	 Validation Loss: 0.03
	 Validation Accuracy: 0.13
-------------------------------------------
Epoch 67:
	 Train Loss: 0.01
	 Train Accuracy: 0.67
	 Validation Loss: 0.03
	 Validation Accuracy: 0.14
-------------------------------------------
Epoch 69:
	 Train Loss: 0.01
	 Train Accuracy: 0.69
	 Validation Loss: 0.03
	 Validation Accuracy: 0.14
-------------------------------------------
Epoch 71:
	 Train Loss: 0.01
	 Train Accuracy: 0.59
	 Validation Loss: 0.03
	 Validation Accuracy: 0.13
-------------------------------------------
Epoch 73:
	 Train Loss: 0.01
	 Train Accuracy: 0.58
	 Validation Loss: 0.03
	 Validation Accuracy: 0.12
-------------------------------------------
Epoch 75:
	 Train Loss: 0.01
	 Train Accuracy: 0.67
	 Validation Loss: 0.03
	 Validation Accuracy: 0.12
-------------------------------------------
Epoch 77:
	 Train Loss: 0.01
	 Train Accuracy: 0.65
	 Validation Loss: 0.03
	 Validation Accuracy: 0.11
-------------------------------------------
Epoch 79:
	 Train Loss: 0.01
	 Train Accuracy: 0.59
	 Validation Loss: 0.03
	 Validation Accuracy: 0.12
-------------------------------------------
Epoch 81:
	 Train Loss: 0.01
	 Train Accuracy: 0.59
	 Validation Loss: 0.04
	 Validation Accuracy: 0.13
-------------------------------------------
Epoch 83:
	 Train Loss: 0.01
	 Train Accuracy: 0.67
	 Validation Loss: 0.04
	 Validation Accuracy: 0.13
-------------------------------------------
Epoch 85:
	 Train Loss: 0.01
	 Train Accuracy: 0.66
	 Validation Loss: 0.04
	 Validation Accuracy: 0.13
-------------------------------------------
Epoch 87:
	 Train Loss: 0.01
	 Train Accuracy: 0.68
	 Validation Loss: 0.03
	 Validation Accuracy: 0.13
-------------------------------------------
Epoch 89:
	 Train Loss: 0.01
	 Train Accuracy: 0.68
	 Validation Loss: 0.04
	 Validation Accuracy: 0.14
-------------------------------------------
Epoch 91:
	 Train Loss: 0.01
	 Train Accuracy: 0.52
	 Validation Loss: 0.03
	 Validation Accuracy: 0.12
-------------------------------------------
Epoch 93:
	 Train Loss: 0.01
	 Train Accuracy: 0.63
	 Validation Loss: 0.03
	 Validation Accuracy: 0.12
-------------------------------------------
Epoch 95:
	 Train Loss: 0.01
	 Train Accuracy: 0.66
	 Validation Loss: 0.03
	 Validation Accuracy: 0.12
-------------------------------------------
Epoch 97:
	 Train Loss: 0.01
	 Train Accuracy: 0.60
	 Validation Loss: 0.03
	 Validation Accuracy: 0.13
-------------------------------------------
Epoch 99:
	 Train Loss: 0.01
	 Train Accuracy: 0.67
	 Validation Loss: 0.04
	 Validation Accuracy: 0.14
-------------------------------------------
Epoch 100:
	 Train Loss: 0.01
	 Train Accuracy: 0.69
	 Validation Loss: 0.04
	 Validation Accuracy: 0.13
