FlattenLSTM-1-1
-------------------------------------------
Epoch 1:
	 Train Loss: 0.02
	 Train Accuracy: 0.06
	 Validation Loss: 0.02
	 Validation Accuracy: 0.09
-------------------------------------------
Epoch 3:
	 Train Loss: 0.02
	 Train Accuracy: 0.08
	 Validation Loss: 0.02
	 Validation Accuracy: 0.09
-------------------------------------------
Epoch 5:
	 Train Loss: 0.02
	 Train Accuracy: 0.09
	 Validation Loss: 0.02
	 Validation Accuracy: 0.09
-------------------------------------------
Epoch 7:
	 Train Loss: 0.02
	 Train Accuracy: 0.14
	 Validation Loss: 0.02
	 Validation Accuracy: 0.12
-------------------------------------------
Epoch 9:
	 Train Loss: 0.02
	 Train Accuracy: 0.20
	 Validation Loss: 0.02
	 Validation Accuracy: 0.10
-------------------------------------------
Epoch 11:
	 Train Loss: 0.02
	 Train Accuracy: 0.24
	 Validation Loss: 0.02
	 Validation Accuracy: 0.10
-------------------------------------------
Epoch 13:
	 Train Loss: 0.02
	 Train Accuracy: 0.29
	 Validation Loss: 0.02
	 Validation Accuracy: 0.10
-------------------------------------------
Epoch 15:
	 Train Loss: 0.01
	 Train Accuracy: 0.34
	 Validation Loss: 0.03
	 Validation Accuracy: 0.09
-------------------------------------------
Epoch 17:
	 Train Loss: 0.01
	 Train Accuracy: 0.39
	 Validation Loss: 0.03
	 Validation Accuracy: 0.08
-------------------------------------------
Epoch 19:
	 Train Loss: 0.01
	 Train Accuracy: 0.44
	 Validation Loss: 0.03
	 Validation Accuracy: 0.08
-------------------------------------------
Epoch 21:
	 Train Loss: 0.01
	 Train Accuracy: 0.47
	 Validation Loss: 0.03
	 Validation Accuracy: 0.08
-------------------------------------------
Epoch 23:
	 Train Loss: 0.01
	 Train Accuracy: 0.51
	 Validation Loss: 0.03
	 Validation Accuracy: 0.09
-------------------------------------------
Epoch 25:
	 Train Loss: 0.01
	 Train Accuracy: 0.53
	 Validation Loss: 0.04
	 Validation Accuracy: 0.09
-------------------------------------------
Epoch 27:
	 Train Loss: 0.01
	 Train Accuracy: 0.56
	 Validation Loss: 0.03
	 Validation Accuracy: 0.09
-------------------------------------------
Epoch 29:
	 Train Loss: 0.01
	 Train Accuracy: 0.59
	 Validation Loss: 0.04
	 Validation Accuracy: 0.10
-------------------------------------------
Epoch 31:
	 Train Loss: 0.01
	 Train Accuracy: 0.60
	 Validation Loss: 0.04
	 Validation Accuracy: 0.09
-------------------------------------------
Epoch 33:
	 Train Loss: 0.01
	 Train Accuracy: 0.62
	 Validation Loss: 0.04
	 Validation Accuracy: 0.10
-------------------------------------------
Epoch 35:
	 Train Loss: 0.01
	 Train Accuracy: 0.63
	 Validation Loss: 0.04
	 Validation Accuracy: 0.10
-------------------------------------------
Epoch 37:
	 Train Loss: 0.01
	 Train Accuracy: 0.65
	 Validation Loss: 0.04
	 Validation Accuracy: 0.11
-------------------------------------------
Epoch 39:
	 Train Loss: 0.80
	 Train Accuracy: 0.06
	 Validation Loss: 0.79
	 Validation Accuracy: 0.09
-------------------------------------------
Epoch 41:
	 Train Loss: 0.79
	 Train Accuracy: 0.08
	 Validation Loss: 0.79
	 Validation Accuracy: 0.09
-------------------------------------------
Epoch 43:
	 Train Loss: 0.81
	 Train Accuracy: 0.05
	 Validation Loss: 0.83
	 Validation Accuracy: 0.04
-------------------------------------------
Epoch 45:
	 Train Loss: 0.79
	 Train Accuracy: 0.08
	 Validation Loss: 0.79
	 Validation Accuracy: 0.09
-------------------------------------------
Epoch 47:
	 Train Loss: 0.78
	 Train Accuracy: 0.09
	 Validation Loss: 0.79
	 Validation Accuracy: 0.09
-------------------------------------------
Epoch 49:
	 Train Loss: 0.78
	 Train Accuracy: 0.09
	 Validation Loss: 0.79
	 Validation Accuracy: 0.09
-------------------------------------------
Epoch 51:
	 Train Loss: 0.78
	 Train Accuracy: 0.09
	 Validation Loss: 0.79
	 Validation Accuracy: 0.09
-------------------------------------------
Epoch 53:
	 Train Loss: 0.78
	 Train Accuracy: 0.09
	 Validation Loss: 0.79
	 Validation Accuracy: 0.09
-------------------------------------------
Epoch 55:
	 Train Loss: 0.78
	 Train Accuracy: 0.09
	 Validation Loss: 0.79
	 Validation Accuracy: 0.09
-------------------------------------------
Epoch 57:
	 Train Loss: 0.78
	 Train Accuracy: 0.09
	 Validation Loss: 0.79
	 Validation Accuracy: 0.09
-------------------------------------------
Epoch 59:
	 Train Loss: 0.78
	 Train Accuracy: 0.09
	 Validation Loss: 0.79
	 Validation Accuracy: 0.09
-------------------------------------------
Epoch 61:
	 Train Loss: 0.78
	 Train Accuracy: 0.09
	 Validation Loss: 0.79
	 Validation Accuracy: 0.09
-------------------------------------------
Epoch 63:
	 Train Loss: 0.78
	 Train Accuracy: 0.09
	 Validation Loss: 0.79
	 Validation Accuracy: 0.09
-------------------------------------------
Epoch 65:
	 Train Loss: 0.78
	 Train Accuracy: 0.09
	 Validation Loss: 0.79
	 Validation Accuracy: 0.09
-------------------------------------------
Epoch 67:
	 Train Loss: 0.78
	 Train Accuracy: 0.09
	 Validation Loss: 0.79
	 Validation Accuracy: 0.09
-------------------------------------------
Epoch 69:
	 Train Loss: 0.78
	 Train Accuracy: 0.09
	 Validation Loss: 0.79
	 Validation Accuracy: 0.09
-------------------------------------------
Epoch 71:
	 Train Loss: 0.78
	 Train Accuracy: 0.09
	 Validation Loss: 0.79
	 Validation Accuracy: 0.09
-------------------------------------------
Epoch 73:
	 Train Loss: 0.78
	 Train Accuracy: 0.09
	 Validation Loss: 0.79
	 Validation Accuracy: 0.09
-------------------------------------------
Epoch 75:
	 Train Loss: 0.78
	 Train Accuracy: 0.09
	 Validation Loss: 0.79
	 Validation Accuracy: 0.09
-------------------------------------------
Epoch 77:
	 Train Loss: 0.78
	 Train Accuracy: 0.09
	 Validation Loss: 0.79
	 Validation Accuracy: 0.09
-------------------------------------------
Epoch 79:
	 Train Loss: 0.78
	 Train Accuracy: 0.09
	 Validation Loss: 0.79
	 Validation Accuracy: 0.09
-------------------------------------------
Epoch 81:
	 Train Loss: 0.78
	 Train Accuracy: 0.09
	 Validation Loss: 0.79
	 Validation Accuracy: 0.09
-------------------------------------------
Epoch 83:
	 Train Loss: 0.78
	 Train Accuracy: 0.09
	 Validation Loss: 0.79
	 Validation Accuracy: 0.09
-------------------------------------------
Epoch 85:
	 Train Loss: 0.78
	 Train Accuracy: 0.09
	 Validation Loss: 0.79
	 Validation Accuracy: 0.09
-------------------------------------------
Epoch 87:
	 Train Loss: 0.78
	 Train Accuracy: 0.09
	 Validation Loss: 0.79
	 Validation Accuracy: 0.09
-------------------------------------------
Epoch 89:
	 Train Loss: 0.78
	 Train Accuracy: 0.09
	 Validation Loss: 0.79
	 Validation Accuracy: 0.09
-------------------------------------------
Epoch 91:
	 Train Loss: 0.78
	 Train Accuracy: 0.09
	 Validation Loss: 0.79
	 Validation Accuracy: 0.09
-------------------------------------------
Epoch 93:
	 Train Loss: 0.78
	 Train Accuracy: 0.09
	 Validation Loss: 0.79
	 Validation Accuracy: 0.09
-------------------------------------------
Epoch 95:
	 Train Loss: 0.78
	 Train Accuracy: 0.09
	 Validation Loss: 0.79
	 Validation Accuracy: 0.09
-------------------------------------------
Epoch 97:
	 Train Loss: 0.78
	 Train Accuracy: 0.09
	 Validation Loss: 0.79
	 Validation Accuracy: 0.09
-------------------------------------------
Epoch 99:
	 Train Loss: 0.78
	 Train Accuracy: 0.09
	 Validation Loss: 0.79
	 Validation Accuracy: 0.09
-------------------------------------------
Epoch 100:
	 Train Loss: 0.78
	 Train Accuracy: 0.09
	 Validation Loss: 0.79
	 Validation Accuracy: 0.09
