SimpleCNN2out_noDrop
-------------------------------------------
Epoch 1:
	 Train Loss: 1.33
	 Train Accuracy: 0.77
	 Validation Loss: 1.31
	 Validation Accuracy: 0.77
-------------------------------------------
Epoch 3:
	 Train Loss: 1.26
	 Train Accuracy: 0.83
	 Validation Loss: 1.27
	 Validation Accuracy: 0.78
-------------------------------------------
Epoch 5:
	 Train Loss: 1.23
	 Train Accuracy: 0.86
	 Validation Loss: 1.26
	 Validation Accuracy: 0.80
-------------------------------------------
Epoch 7:
	 Train Loss: 1.21
	 Train Accuracy: 0.88
	 Validation Loss: 1.27
	 Validation Accuracy: 0.80
-------------------------------------------
Epoch 9:
	 Train Loss: 1.19
	 Train Accuracy: 0.90
	 Validation Loss: 1.26
	 Validation Accuracy: 0.81
-------------------------------------------
Epoch 10:
	 Train Loss: 1.18
	 Train Accuracy: 0.90
	 Validation Loss: 1.25
	 Validation Accuracy: 0.82
